{"C:\\Users\\xavie\\Documents\\ece461-project\\src\\fill-models.ts": {"path":"C:\\Users\\xavie\\Documents\\ece461-project\\src\\fill-models.ts","statementMap":{"0":{"start":{"line":13,"column":17},"end":{"line":13,"column":37}},"1":{"start":{"line":14,"column":2},"end":{"line":14,"column":51}},"2":{"start":{"line":15,"column":2},"end":{"line":15,"column":55}},"3":{"start":{"line":16,"column":2},"end":{"line":16,"column":49}},"4":{"start":{"line":17,"column":2},"end":{"line":17,"column":61}},"5":{"start":{"line":18,"column":2},"end":{"line":18,"column":57}},"6":{"start":{"line":19,"column":2},"end":{"line":19,"column":49}},"7":{"start":{"line":20,"column":2},"end":{"line":20,"column":15}}},"fnMap":{"0":{"name":"assignMetrics","decl":{"start":{"line":12,"column":16},"end":{"line":12,"column":29}},"loc":{"start":{"line":12,"column":56},"end":{"line":21,"column":1}},"line":12}},"branchMap":{},"s":{"0":1,"1":1,"2":1,"3":1,"4":1,"5":1,"6":1,"7":1},"f":{"0":1},"b":{},"_coverageSchema":"1a1c01bbd47fc00a2c39e90264f33305004495a9","hash":"99758709a612a493b1333289db9bf763880bc62d"}
,"C:\\Users\\xavie\\Documents\\ece461-project\\src\\logger.ts": {"path":"C:\\Users\\xavie\\Documents\\ece461-project\\src\\logger.ts","statementMap":{"0":{"start":{"line":4,"column":48},"end":{"line":4,"column":54}},"1":{"start":{"line":5,"column":0},"end":{"line":5,"column":15}},"2":{"start":{"line":7,"column":15},"end":{"line":15,"column":2}}},"fnMap":{},"branchMap":{},"s":{"0":4,"1":4,"2":4},"f":{},"b":{},"_coverageSchema":"1a1c01bbd47fc00a2c39e90264f33305004495a9","hash":"9d7a8425aa4826427f368bc1097bde2cc38b8df0"}
,"C:\\Users\\xavie\\Documents\\ece461-project\\src\\url-models.ts": {"path":"C:\\Users\\xavie\\Documents\\ece461-project\\src\\url-models.ts","statementMap":{"0":{"start":{"line":14,"column":4},"end":{"line":14,"column":18}}},"fnMap":{"0":{"name":"(anonymous_0)","decl":{"start":{"line":13,"column":2},"end":{"line":13,"column":3}},"loc":{"start":{"line":13,"column":27},"end":{"line":15,"column":3}},"line":13}},"branchMap":{},"s":{"0":1},"f":{"0":1},"b":{},"_coverageSchema":"1a1c01bbd47fc00a2c39e90264f33305004495a9","hash":"c4975f84cc0dc79ca8ea9370a1b4e99f22896350"}
,"C:\\Users\\xavie\\Documents\\ece461-project\\src\\commands\\checkUrl.ts": {"path":"C:\\Users\\xavie\\Documents\\ece461-project\\src\\commands\\checkUrl.ts","statementMap":{"0":{"start":{"line":5,"column":23},"end":{"line":5,"column":50}},"1":{"start":{"line":7,"column":16},"end":{"line":12,"column":3}},"2":{"start":{"line":15,"column":19},"end":{"line":15,"column":45}},"3":{"start":{"line":16,"column":15},"end":{"line":16,"column":28}},"4":{"start":{"line":17,"column":23},"end":{"line":17,"column":40}},"5":{"start":{"line":18,"column":24},"end":{"line":18,"column":60}},"6":{"start":{"line":19,"column":4},"end":{"line":38,"column":5}},"7":{"start":{"line":20,"column":17},"end":{"line":24,"column":8}},"8":{"start":{"line":25,"column":6},"end":{"line":25,"column":26}},"9":{"start":{"line":26,"column":6},"end":{"line":31,"column":8}},"10":{"start":{"line":27,"column":22},"end":{"line":27,"column":40}},"11":{"start":{"line":28,"column":8},"end":{"line":30,"column":102}},"12":{"start":{"line":32,"column":6},"end":{"line":32,"column":21}},"13":{"start":{"line":34,"column":6},"end":{"line":36,"column":7}},"14":{"start":{"line":37,"column":6},"end":{"line":37,"column":21}}},"fnMap":{"0":{"name":"(anonymous_0)","decl":{"start":{"line":14,"column":2},"end":{"line":14,"column":3}},"loc":{"start":{"line":14,"column":36},"end":{"line":39,"column":3}},"line":14},"1":{"name":"(anonymous_1)","decl":{"start":{"line":26,"column":20},"end":{"line":26,"column":21}},"loc":{"start":{"line":26,"column":37},"end":{"line":31,"column":7}},"line":26}},"branchMap":{"0":{"loc":{"start":{"line":19,"column":4},"end":{"line":38,"column":5}},"type":"if","locations":[{"start":{"line":19,"column":4},"end":{"line":38,"column":5}},{"start":{"line":33,"column":11},"end":{"line":38,"column":5}}],"line":19}},"s":{"0":3,"1":3,"2":0,"3":0,"4":0,"5":0,"6":0,"7":0,"8":0,"9":0,"10":0,"11":0,"12":0,"13":0,"14":0},"f":{"0":0,"1":0},"b":{"0":[0,0]},"_coverageSchema":"1a1c01bbd47fc00a2c39e90264f33305004495a9","hash":"35a72a63fbaf7395e22ee54d37058be10f6b6b62"}
,"C:\\Users\\xavie\\Documents\\ece461-project\\src\\commands\\install.ts": {"path":"C:\\Users\\xavie\\Documents\\ece461-project\\src\\commands\\install.ts","statementMap":{"0":{"start":{"line":7,"column":0},"end":{"line":7,"column":15}},"1":{"start":{"line":11,"column":2},"end":{"line":20,"column":3}},"2":{"start":{"line":12,"column":25},"end":{"line":12,"column":72}},"3":{"start":{"line":13,"column":4},"end":{"line":13,"column":15}},"4":{"start":{"line":15,"column":4},"end":{"line":17,"column":5}},"5":{"start":{"line":16,"column":6},"end":{"line":16,"column":58}},"6":{"start":{"line":19,"column":4},"end":{"line":19,"column":15}},"7":{"start":{"line":26,"column":24},"end":{"line":26,"column":40}},"8":{"start":{"line":27,"column":4},"end":{"line":47,"column":5}},"9":{"start":{"line":28,"column":26},"end":{"line":28,"column":58}},"10":{"start":{"line":29,"column":6},"end":{"line":40,"column":7}},"11":{"start":{"line":31,"column":28},"end":{"line":31,"column":51}},"12":{"start":{"line":33,"column":29},"end":{"line":33,"column":53}},"13":{"start":{"line":36,"column":32},"end":{"line":36,"column":64}},"14":{"start":{"line":37,"column":8},"end":{"line":37,"column":64}},"15":{"start":{"line":39,"column":8},"end":{"line":39,"column":58}},"16":{"start":{"line":42,"column":6},"end":{"line":44,"column":7}},"17":{"start":{"line":43,"column":8},"end":{"line":43,"column":58}},"18":{"start":{"line":46,"column":6},"end":{"line":46,"column":17}}},"fnMap":{"0":{"name":"readFileAsync","decl":{"start":{"line":10,"column":22},"end":{"line":10,"column":35}},"loc":{"start":{"line":10,"column":74},"end":{"line":21,"column":1}},"line":10},"1":{"name":"(anonymous_1)","decl":{"start":{"line":25,"column":2},"end":{"line":25,"column":3}},"loc":{"start":{"line":25,"column":29},"end":{"line":48,"column":3}},"line":25}},"branchMap":{"0":{"loc":{"start":{"line":15,"column":4},"end":{"line":17,"column":5}},"type":"if","locations":[{"start":{"line":15,"column":4},"end":{"line":17,"column":5}},{"start":{},"end":{}}],"line":15},"1":{"loc":{"start":{"line":42,"column":6},"end":{"line":44,"column":7}},"type":"if","locations":[{"start":{"line":42,"column":6},"end":{"line":44,"column":7}},{"start":{},"end":{}}],"line":42}},"s":{"0":4,"1":2,"2":2,"3":1,"4":1,"5":0,"6":1,"7":0,"8":0,"9":0,"10":0,"11":0,"12":0,"13":0,"14":0,"15":0,"16":0,"17":0,"18":0},"f":{"0":2,"1":0},"b":{"0":[0,1],"1":[0,0]},"_coverageSchema":"1a1c01bbd47fc00a2c39e90264f33305004495a9","hash":"a386dcab82c6898e4ea138b1f2405c7756868878"}
,"C:\\Users\\xavie\\Documents\\ece461-project\\src\\commands\\hello\\index.ts": {"path":"C:\\Users\\xavie\\Documents\\ece461-project\\src\\commands\\hello\\index.ts","statementMap":{"0":{"start":{"line":4,"column":23},"end":{"line":4,"column":34}},"1":{"start":{"line":6,"column":20},"end":{"line":10,"column":3}},"2":{"start":{"line":12,"column":17},"end":{"line":18,"column":3}},"3":{"start":{"line":20,"column":16},"end":{"line":25,"column":3}},"4":{"start":{"line":28,"column":26},"end":{"line":28,"column":49}},"5":{"start":{"line":30,"column":4},"end":{"line":32,"column":5}}},"fnMap":{"0":{"name":"(anonymous_0)","decl":{"start":{"line":27,"column":2},"end":{"line":27,"column":3}},"loc":{"start":{"line":27,"column":29},"end":{"line":33,"column":3}},"line":27}},"branchMap":{},"s":{"0":3,"1":3,"2":3,"3":3,"4":1,"5":1},"f":{"0":1},"b":{},"_coverageSchema":"1a1c01bbd47fc00a2c39e90264f33305004495a9","hash":"642d50896df3acbefd07b1b9c519acd075554dc7"}
,"C:\\Users\\xavie\\Documents\\ece461-project\\src\\commands\\hello\\world.ts": {"path":"C:\\Users\\xavie\\Documents\\ece461-project\\src\\commands\\hello\\world.ts","statementMap":{"0":{"start":{"line":4,"column":23},"end":{"line":4,"column":40}},"1":{"start":{"line":6,"column":20},"end":{"line":10,"column":3}},"2":{"start":{"line":12,"column":17},"end":{"line":12,"column":19}},"3":{"start":{"line":14,"column":16},"end":{"line":14,"column":18}},"4":{"start":{"line":17,"column":4},"end":{"line":17,"column":60}}},"fnMap":{"0":{"name":"(anonymous_0)","decl":{"start":{"line":16,"column":2},"end":{"line":16,"column":3}},"loc":{"start":{"line":16,"column":29},"end":{"line":18,"column":3}},"line":16}},"branchMap":{},"s":{"0":3,"1":3,"2":3,"3":3,"4":1},"f":{"0":1},"b":{},"_coverageSchema":"1a1c01bbd47fc00a2c39e90264f33305004495a9","hash":"5c77cb422b8f5d4dc6e1e6ac08fa3b39a687aee5"}
,"C:\\Users\\xavie\\Documents\\ece461-project\\src\\middleware\\metric-calculations.ts": {"path":"C:\\Users\\xavie\\Documents\\ece461-project\\src\\middleware\\metric-calculations.ts","statementMap":{"0":{"start":{"line":15,"column":6},"end":{"line":15,"column":10}},"1":{"start":{"line":18,"column":23},"end":{"line":18,"column":26}},"2":{"start":{"line":19,"column":19},"end":{"line":19,"column":22}},"3":{"start":{"line":23,"column":4},"end":{"line":24,"column":46}},"4":{"start":{"line":27,"column":4},"end":{"line":27,"column":62}},"5":{"start":{"line":29,"column":23},"end":{"line":29,"column":57}},"6":{"start":{"line":32,"column":2},"end":{"line":32,"column":43}},"7":{"start":{"line":34,"column":2},"end":{"line":34,"column":23}},"8":{"start":{"line":40,"column":37},"end":{"line":40,"column":41}},"9":{"start":{"line":42,"column":27},"end":{"line":42,"column":69}},"10":{"start":{"line":44,"column":2},"end":{"line":44,"column":25}},"11":{"start":{"line":50,"column":22},"end":{"line":50,"column":23}},"12":{"start":{"line":51,"column":20},"end":{"line":51,"column":21}},"13":{"start":{"line":53,"column":21},"end":{"line":53,"column":44}},"14":{"start":{"line":55,"column":2},"end":{"line":55,"column":19}},"15":{"start":{"line":61,"column":25},"end":{"line":61,"column":26}},"16":{"start":{"line":62,"column":24},"end":{"line":62,"column":25}},"17":{"start":{"line":64,"column":30},"end":{"line":64,"column":60}},"18":{"start":{"line":66,"column":2},"end":{"line":66,"column":28}},"19":{"start":{"line":72,"column":18},"end":{"line":72,"column":27}},"20":{"start":{"line":73,"column":23},"end":{"line":73,"column":29}},"21":{"start":{"line":74,"column":32},"end":{"line":74,"column":33}},"22":{"start":{"line":80,"column":2},"end":{"line":80,"column":30}},"23":{"start":{"line":87,"column":20},"end":{"line":87,"column":21}},"24":{"start":{"line":88,"column":22},"end":{"line":88,"column":23}},"25":{"start":{"line":89,"column":21},"end":{"line":89,"column":46}},"26":{"start":{"line":90,"column":25},"end":{"line":90,"column":54}},"27":{"start":{"line":91,"column":28},"end":{"line":91,"column":60}},"28":{"start":{"line":94,"column":26},"end":{"line":94,"column":29}},"29":{"start":{"line":95,"column":28},"end":{"line":95,"column":32}},"30":{"start":{"line":96,"column":27},"end":{"line":96,"column":31}},"31":{"start":{"line":97,"column":31},"end":{"line":97,"column":34}},"32":{"start":{"line":100,"column":4},"end":{"line":104,"column":44}},"33":{"start":{"line":106,"column":2},"end":{"line":106,"column":17}}},"fnMap":{"0":{"name":"calculateBusFactor","decl":{"start":{"line":6,"column":16},"end":{"line":6,"column":34}},"loc":{"start":{"line":6,"column":56},"end":{"line":35,"column":1}},"line":6},"1":{"name":"calculateCorrectness","decl":{"start":{"line":38,"column":16},"end":{"line":38,"column":36}},"loc":{"start":{"line":38,"column":60},"end":{"line":45,"column":1}},"line":38},"2":{"name":"calculateRampUpTime","decl":{"start":{"line":48,"column":16},"end":{"line":48,"column":35}},"loc":{"start":{"line":48,"column":50},"end":{"line":56,"column":1}},"line":48},"3":{"name":"calculateResponsiveness","decl":{"start":{"line":59,"column":16},"end":{"line":59,"column":39}},"loc":{"start":{"line":59,"column":54},"end":{"line":67,"column":1}},"line":59},"4":{"name":"calculateLicenseCompliance","decl":{"start":{"line":70,"column":16},"end":{"line":70,"column":42}},"loc":{"start":{"line":70,"column":57},"end":{"line":81,"column":1}},"line":70},"5":{"name":"calculateNetScore","decl":{"start":{"line":84,"column":16},"end":{"line":84,"column":33}},"loc":{"start":{"line":84,"column":48},"end":{"line":107,"column":1}},"line":84}},"branchMap":{},"s":{"0":3,"1":3,"2":3,"3":3,"4":3,"5":3,"6":3,"7":3,"8":3,"9":3,"10":3,"11":0,"12":0,"13":0,"14":0,"15":0,"16":0,"17":0,"18":0,"19":0,"20":0,"21":0,"22":0,"23":0,"24":0,"25":0,"26":0,"27":0,"28":0,"29":0,"30":0,"31":0,"32":0,"33":0},"f":{"0":3,"1":3,"2":0,"3":0,"4":0,"5":0},"b":{},"_coverageSchema":"1a1c01bbd47fc00a2c39e90264f33305004495a9","hash":"afe6563ec9dd79011af04378e466eaf494937562"}
,"C:\\Users\\xavie\\Documents\\ece461-project\\src\\middleware\\utils.ts": {"path":"C:\\Users\\xavie\\Documents\\ece461-project\\src\\middleware\\utils.ts","statementMap":{"0":{"start":{"line":6,"column":2},"end":{"line":6,"column":78}},"1":{"start":{"line":10,"column":14},"end":{"line":10,"column":33}},"2":{"start":{"line":11,"column":14},"end":{"line":11,"column":33}},"3":{"start":{"line":13,"column":26},"end":{"line":13,"column":53}},"4":{"start":{"line":15,"column":2},"end":{"line":15,"column":24}},"5":{"start":{"line":19,"column":2},"end":{"line":35,"column":4}},"6":{"start":{"line":20,"column":20},"end":{"line":20,"column":21}},"7":{"start":{"line":22,"column":19},"end":{"line":22,"column":68}},"8":{"start":{"line":24,"column":4},"end":{"line":26,"column":6}},"9":{"start":{"line":25,"column":6},"end":{"line":25,"column":52}},"10":{"start":{"line":28,"column":4},"end":{"line":30,"column":6}},"11":{"start":{"line":29,"column":6},"end":{"line":29,"column":28}},"12":{"start":{"line":32,"column":4},"end":{"line":34,"column":6}},"13":{"start":{"line":33,"column":6},"end":{"line":33,"column":17}},"14":{"start":{"line":40,"column":20},"end":{"line":40,"column":38}},"15":{"start":{"line":43,"column":2},"end":{"line":52,"column":3}},"16":{"start":{"line":49,"column":21},"end":{"line":49,"column":55}},"17":{"start":{"line":51,"column":4},"end":{"line":51,"column":19}},"18":{"start":{"line":54,"column":2},"end":{"line":54,"column":13}}},"fnMap":{"0":{"name":"round","decl":{"start":{"line":5,"column":16},"end":{"line":5,"column":21}},"loc":{"start":{"line":5,"column":55},"end":{"line":7,"column":1}},"line":5},"1":{"name":"normalize","decl":{"start":{"line":9,"column":16},"end":{"line":9,"column":25}},"loc":{"start":{"line":9,"column":59},"end":{"line":16,"column":1}},"line":9},"2":{"name":"getLinesOfCode","decl":{"start":{"line":18,"column":16},"end":{"line":18,"column":30}},"loc":{"start":{"line":18,"column":49},"end":{"line":36,"column":1}},"line":18},"3":{"name":"(anonymous_3)","decl":{"start":{"line":19,"column":21},"end":{"line":19,"column":22}},"loc":{"start":{"line":19,"column":42},"end":{"line":35,"column":3}},"line":19},"4":{"name":"(anonymous_4)","decl":{"start":{"line":24,"column":22},"end":{"line":24,"column":23}},"loc":{"start":{"line":24,"column":41},"end":{"line":26,"column":5}},"line":24},"5":{"name":"(anonymous_5)","decl":{"start":{"line":28,"column":21},"end":{"line":28,"column":22}},"loc":{"start":{"line":28,"column":27},"end":{"line":30,"column":5}},"line":28},"6":{"name":"(anonymous_6)","decl":{"start":{"line":32,"column":23},"end":{"line":32,"column":24}},"loc":{"start":{"line":32,"column":37},"end":{"line":34,"column":5}},"line":32},"7":{"name":"parseGHRepoName","decl":{"start":{"line":38,"column":9},"end":{"line":38,"column":24}},"loc":{"start":{"line":38,"column":57},"end":{"line":55,"column":1}},"line":38}},"branchMap":{"0":{"loc":{"start":{"line":25,"column":20},"end":{"line":25,"column":44}},"type":"binary-expr","locations":[{"start":{"line":25,"column":20},"end":{"line":25,"column":38}},{"start":{"line":25,"column":42},"end":{"line":25,"column":44}}],"line":25},"1":{"loc":{"start":{"line":43,"column":2},"end":{"line":52,"column":3}},"type":"if","locations":[{"start":{"line":43,"column":2},"end":{"line":52,"column":3}},{"start":{},"end":{}}],"line":43},"2":{"loc":{"start":{"line":44,"column":4},"end":{"line":46,"column":29}},"type":"binary-expr","locations":[{"start":{"line":44,"column":4},"end":{"line":44,"column":39}},{"start":{"line":45,"column":4},"end":{"line":45,"column":18}},{"start":{"line":46,"column":4},"end":{"line":46,"column":29}}],"line":44}},"s":{"0":6,"1":0,"2":0,"3":0,"4":0,"5":0,"6":0,"7":0,"8":0,"9":0,"10":0,"11":0,"12":0,"13":0,"14":0,"15":0,"16":0,"17":0,"18":0},"f":{"0":6,"1":0,"2":0,"3":0,"4":0,"5":0,"6":0,"7":0},"b":{"0":[0,0],"1":[0,0],"2":[0,0,0]},"_coverageSchema":"1a1c01bbd47fc00a2c39e90264f33305004495a9","hash":"9f63ed677589ea8ba4b1288d1e53c0cb204b455a"}
}
