TN:
SF:src\commands\hello\index.ts
FN:27,(anonymous_0)
FNF:1
FNH:1
FNDA:1,(anonymous_0)
DA:4,2
DA:6,2
DA:12,2
DA:20,2
DA:28,1
DA:30,1
LF:6
LH:6
BRF:0
BRH:0
end_of_record
TN:
SF:src\commands\hello\world.ts
FN:16,(anonymous_0)
FNF:1
FNH:1
FNDA:1,(anonymous_0)
DA:4,2
DA:6,2
DA:12,2
DA:14,2
DA:17,1
LF:5
LH:5
BRF:0
BRH:0
end_of_record
TN:
SF:src\middleware\metric-calculations.ts
FN:6,calculateBusFactor
FN:38,calculateCorrectness
FNF:2
FNH:2
FNDA:3,calculateBusFactor
FNDA:3,calculateCorrectness
DA:15,3
DA:18,3
DA:19,3
DA:23,3
DA:27,3
DA:29,3
DA:32,3
DA:34,3
DA:40,3
DA:42,3
DA:44,3
LF:11
LH:11
BRF:0
BRH:0
end_of_record
TN:
SF:src\middleware\utils.ts
FN:5,round
FNF:1
FNH:1
FNDA:6,round
DA:6,6
LF:1
LH:1
BRF:0
BRH:0
end_of_record
