TN:
SF:src/logger.ts
FNF:0
FNH:0
DA:1,1
DA:2,1
DA:3,1
DA:4,1
DA:5,1
DA:6,1
DA:7,1
DA:8,1
DA:9,1
DA:10,1
DA:11,1
DA:12,1
DA:13,1
DA:14,1
DA:15,1
DA:16,1
DA:17,1
DA:18,1
DA:19,1
DA:20,1
DA:21,1
DA:22,1
DA:23,1
DA:24,1
DA:25,1
DA:26,1
DA:27,1
DA:28,1
DA:29,1
DA:30,1
LF:30
LH:30
BRF:0
BRH:0
end_of_record
TN:
SF:src/commands/checkUrl.ts
FN:8,<static_initializer>
FN:15,run
FNF:2
FNH:1
FNDA:3,<static_initializer>
FNDA:0,run
DA:1,1
DA:2,1
DA:3,1
DA:4,1
DA:5,1
DA:6,1
DA:7,1
DA:8,1
DA:9,3
DA:10,3
DA:11,3
DA:12,3
DA:13,3
DA:14,1
DA:15,1
DA:16,0
DA:17,0
DA:18,0
DA:19,0
DA:20,0
DA:21,0
DA:22,0
DA:23,0
DA:24,0
DA:25,0
DA:26,0
DA:27,0
DA:28,0
DA:29,0
DA:30,0
DA:31,0
DA:32,0
DA:33,0
DA:34,0
DA:35,0
DA:36,0
DA:37,0
DA:38,0
DA:39,1
LF:39
LH:16
BRDA:8,0,0,3
BRF:1
BRH:1
end_of_record
TN:
SF:src/commands/install.ts
FN:10,readFileAsync
FN:24,run
FNF:2
FNH:2
FNDA:4,readFileAsync
FNDA:2,run
DA:1,1
DA:2,1
DA:3,1
DA:4,1
DA:5,1
DA:6,1
DA:7,1
DA:8,1
DA:9,1
DA:10,1
DA:11,4
DA:12,4
DA:13,3
DA:14,4
DA:15,1
DA:16,0
DA:17,0
DA:18,1
DA:19,1
DA:20,4
DA:21,1
DA:22,1
DA:23,1
DA:24,1
DA:25,2
DA:26,2
DA:27,2
DA:28,2
DA:29,2
DA:30,2
DA:31,2
DA:32,2
DA:33,2
DA:34,2
DA:35,2
DA:36,2
DA:37,2
DA:38,0
DA:39,0
DA:40,2
DA:41,0
DA:42,0
DA:43,0
DA:44,0
DA:45,2
DA:46,1
LF:46
LH:38
BRDA:10,0,0,4
BRDA:13,1,0,3
BRDA:14,2,0,1
BRDA:15,3,0,0
BRDA:24,4,0,2
BRDA:37,5,0,0
BRDA:40,6,0,0
BRF:7
BRH:4
end_of_record
TN:
SF:src/commands/hello/index.ts
FN:20,<static_initializer>
FN:27,run
FNF:2
FNH:2
FNDA:3,<static_initializer>
FNDA:1,run
DA:1,1
DA:2,1
DA:3,1
DA:4,1
DA:5,1
DA:6,1
DA:7,1
DA:8,1
DA:9,1
DA:10,1
DA:11,1
DA:12,1
DA:13,1
DA:14,1
DA:15,1
DA:16,1
DA:17,1
DA:18,1
DA:19,1
DA:20,1
DA:21,3
DA:22,3
DA:23,3
DA:24,3
DA:25,3
DA:26,1
DA:27,1
DA:28,1
DA:29,1
DA:30,1
DA:31,1
DA:32,1
DA:33,1
DA:34,1
LF:34
LH:34
BRDA:20,0,0,3
BRDA:27,1,0,1
BRF:2
BRH:2
end_of_record
TN:
SF:src/commands/hello/world.ts
FN:14,<static_initializer>
FN:16,run
FNF:2
FNH:2
FNDA:3,<static_initializer>
FNDA:1,run
DA:1,1
DA:2,1
DA:3,1
DA:4,1
DA:5,1
DA:6,1
DA:7,1
DA:8,1
DA:9,1
DA:10,1
DA:11,1
DA:12,1
DA:13,1
DA:14,1
DA:15,1
DA:16,1
DA:17,1
DA:18,1
DA:19,1
LF:19
LH:19
BRDA:14,0,0,3
BRDA:16,1,0,1
BRF:2
BRH:2
end_of_record
